<?xml version="1.0" encoding="UTF-8"?>
<!-- Generated by org.testng.reporters.JUnitReportReporter -->
<testsuite hostname="LAPTOP-ONV6SK6H" failures="0" tests="1" name="Tests.GetandPostExamples" time="2.119" errors="0" timestamp="2022-01-09T12:44:08 GMT" skipped="0">
  <testcase classname="Tests.GetandPostExamples" name="testPost" time="2.119"/>
  <system-out/>
</testsuite> <!-- Tests.GetandPostExamples -->
