<?xml version="1.0" encoding="UTF-8"?>
<!-- Generated by org.testng.reporters.JUnitReportReporter -->
<testsuite hostname="LAPTOP-ONV6SK6H" failures="0" tests="1" name="Tests.TestsExamples" time="1.792" errors="0" timestamp="2022-01-09T12:10:58 GMT" skipped="0">
  <testcase classname="Tests.TestsExamples" name="Test1" time="1.792"/>
  <system-out/>
</testsuite> <!-- Tests.TestsExamples -->
